[debug] [2023-11-21T16:59:01.448Z] ----------------------------------------------------------------------
[debug] [2023-11-21T16:59:01.452Z] Command:       C:\Program Files\nodejs\node.exe C:\Users\user\AppData\Roaming\npm\node_modules\firebase-tools\lib\bin\firebase.js init hosting
[debug] [2023-11-21T16:59:01.452Z] CLI Version:   12.9.1
[debug] [2023-11-21T16:59:01.453Z] Platform:      win32
[debug] [2023-11-21T16:59:01.453Z] Node Version:  v16.15.1
[debug] [2023-11-21T16:59:01.455Z] Time:          Tue Nov 21 2023 22:59:01 GMT+0600 (Bangladesh Standard Time)
[debug] [2023-11-21T16:59:01.455Z] ----------------------------------------------------------------------
[debug] 
[debug] [2023-11-21T16:59:01.556Z] > command requires scopes: ["email","openid","https://www.googleapis.com/auth/cloudplatformprojects.readonly","https://www.googleapis.com/auth/firebase","https://www.googleapis.com/auth/cloud-platform"]
[debug] [2023-11-21T16:59:01.558Z] > authorizing via signed-in user (mahbubulsohag810@gmail.com)
[info] 
     ######## #### ########  ######## ########     ###     ######  ########
     ##        ##  ##     ## ##       ##     ##  ##   ##  ##       ##
     ######    ##  ########  ######   ########  #########  ######  ######
     ##        ##  ##    ##  ##       ##     ## ##     ##       ## ##
     ##       #### ##     ## ######## ########  ##     ##  ######  ########

You're about to initialize a Firebase project in this directory:

  C:\Projects\milestone-12\assignment-12\used-fashion-client-side

Before we get started, keep in mind:

  * You are currently outside your home directory
  * You are initializing within an existing Firebase project directory

[info] 
=== Project Setup
[info] 
[info] First, let's associate this project directory with a Firebase project.
[info] You can create multiple project aliases by running firebase use --add, 
[info] but for now we'll just set up a default project.
[info] 
[debug] [2023-11-21T16:59:11.377Z] Using project from CLI flag: mh-fashion-a5e42
[debug] [2023-11-21T16:59:11.382Z] >>> [apiv2][query] GET https://firebase.googleapis.com/v1beta1/projects/mh-fashion-a5e42 [none]
[debug] [2023-11-21T16:59:12.450Z] <<< [apiv2][status] GET https://firebase.googleapis.com/v1beta1/projects/mh-fashion-a5e42 200
[debug] [2023-11-21T16:59:12.450Z] <<< [apiv2][body] GET https://firebase.googleapis.com/v1beta1/projects/mh-fashion-a5e42 {"projectId":"mh-fashion-a5e42","projectNumber":"433173688994","displayName":"mh-fashion","name":"projects/mh-fashion-a5e42","resources":{"hostingSite":"mh-fashion-a5e42"},"state":"ACTIVE","etag":"1_aa3822d8-fa3a-4c8b-b769-56a540421ec7"}
[info] i  Using project mh-fashion-a5e42 (mh-fashion) 
[info] 
=== Hosting Setup
[debug] [2023-11-21T16:59:12.463Z] >>> [apiv2][query] GET https://firebase.googleapis.com/v1beta1/projects/mh-fashion-a5e42 [none]
[debug] [2023-11-21T16:59:12.959Z] <<< [apiv2][status] GET https://firebase.googleapis.com/v1beta1/projects/mh-fashion-a5e42 200
[debug] [2023-11-21T16:59:12.959Z] <<< [apiv2][body] GET https://firebase.googleapis.com/v1beta1/projects/mh-fashion-a5e42 {"projectId":"mh-fashion-a5e42","projectNumber":"433173688994","displayName":"mh-fashion","name":"projects/mh-fashion-a5e42","resources":{"hostingSite":"mh-fashion-a5e42"},"state":"ACTIVE","etag":"1_aa3822d8-fa3a-4c8b-b769-56a540421ec7"}
[info] 
[info] Your public directory is the folder (relative to your project directory) that
[info] will contain Hosting assets to be uploaded with firebase deploy. If you
[info] have a build process for your assets, use your build's output directory.
[info] 
